<?xml version="1.0" encoding="UTF-8"?>
<testsuites>
  <testsuite name="CodeIgniter Application Test Suite" tests="3" assertions="3" errors="0" failures="1" skipped="0" time="0.051535">
    <testsuite name="Welcome_test" file="/opt/lampp/htdocs/TrabajoCodeIgniter/application/tests/controllers/Welcome_test.php" tests="3" assertions="3" errors="0" failures="1" skipped="0" time="0.051535">
      <testcase name="test_index" class="Welcome_test" classname="Welcome_test" file="/opt/lampp/htdocs/TrabajoCodeIgniter/application/tests/controllers/Welcome_test.php" line="13" assertions="1" time="0.030111">
        <failure type="PHPUnit\Framework\ExpectationFailedException">Welcome_test::test_index
Failed asserting that 'Welcome/index is not found' contains "&lt;title&gt;Welcome to CodeIgniter&lt;/title&gt;".

/opt/lampp/htdocs/TrabajoCodeIgniter/application/tests/controllers/Welcome_test.php:16
</failure>
      </testcase>
      <testcase name="test_method_404" class="Welcome_test" classname="Welcome_test" file="/opt/lampp/htdocs/TrabajoCodeIgniter/application/tests/controllers/Welcome_test.php" line="19" assertions="1" time="0.013806"/>
      <testcase name="test_APPPATH" class="Welcome_test" classname="Welcome_test" file="/opt/lampp/htdocs/TrabajoCodeIgniter/application/tests/controllers/Welcome_test.php" line="25" assertions="1" time="0.007618"/>
    </testsuite>
  </testsuite>
</testsuites>
